<?xml version="1.0" encoding="UTF-8"?>
<testng-results skipped="0" failed="0" ignored="0" total="1" passed="1">
  <reporter-output>
  </reporter-output>
  <suite name="Default suite" duration-ms="51191" started-at="2018-08-04T14:26:57Z" finished-at="2018-08-04T14:27:48Z">
    <groups>
    </groups>
    <test name="Default test" duration-ms="51191" started-at="2018-08-04T14:26:57Z" finished-at="2018-08-04T14:27:48Z">
      <class name="com.mdu.TestPages.LResourcesPageTest">
        <test-method status="PASS" signature="setUp()[pri:0, instance:com.mdu.TestPages.LResourcesPageTest@77f99a05]" name="setUp" is-config="true" duration-ms="43560" started-at="2018-08-04T14:26:57Z" finished-at="2018-08-04T14:27:41Z">
          <reporter-output>
          </reporter-output>
        </test-method> <!-- setUp -->
        <test-method status="PASS" signature="headTest()[pri:0, instance:com.mdu.TestPages.LResourcesPageTest@77f99a05]" name="headTest" duration-ms="2611" started-at="2018-08-04T14:27:41Z" finished-at="2018-08-04T14:27:43Z">
          <reporter-output>
          </reporter-output>
        </test-method> <!-- headTest -->
        <test-method status="PASS" signature="tearDown()[pri:0, instance:com.mdu.TestPages.LResourcesPageTest@77f99a05]" name="tearDown" is-config="true" duration-ms="4980" started-at="2018-08-04T14:27:43Z" finished-at="2018-08-04T14:27:48Z">
          <reporter-output>
          </reporter-output>
        </test-method> <!-- tearDown -->
      </class> <!-- com.mdu.TestPages.LResourcesPageTest -->
    </test> <!-- Default test -->
  </suite> <!-- Default suite -->
</testng-results>
